<?xml version="1.0" encoding="UTF-8"?>
<testsuite name="com.thoughtworks.rectangle.RectangleTest" tests="2" skipped="0" failures="0" errors="0" timestamp="2022-10-11T09:32:46" hostname="gurushifu-gurushifugitp-zr2q9531f8r" time="0.017">
  <properties/>
  <testcase name="shouldReturnPerimeterWhenLengthAndBreadthArePositive()" classname="com.thoughtworks.rectangle.RectangleTest" time="0.014"/>
  <testcase name="shouldReturnAreaWhenLengthAndBreadthArePositive()" classname="com.thoughtworks.rectangle.RectangleTest" time="0.001"/>
  <system-out><![CDATA[]]></system-out>
  <system-err><![CDATA[]]></system-err>
</testsuite>
